<?xml version="1.0" encoding="UTF-8"?>
<!-- Generated by org.testng.reporters.JUnitXMLReporter -->
<testsuite ignored="0" hostname="LAPTOP-1ID1T4IC" failures="0" tests="4" name="Surefire test" time="12.412" errors="0" timestamp="2024-11-30T07:40:07 IST">
  <testcase classname="api.test.UserTest" name="testPostUser" time="5.366"/>
  <testcase classname="api.test.UserTest" name="testGetUserByName" time="1.8"/>
  <testcase classname="api.test.UserTest" name="testUpdateUserByName" time="3.173"/>
  <testcase classname="api.test.UserTest" name="testDeleteByName" time="1.59"/>
</testsuite> <!-- Surefire test -->
