<?xml version="1.0" encoding="UTF-8"?>
<!-- Generated by org.testng.reporters.JUnitXMLReporter -->
<testsuite ignored="0" hostname="LAPTOP-1ID1T4IC" failures="0" tests="6" name="Default test" time="15.61" errors="0" timestamp="2024-11-29T12:16:47 IST">
  <testcase classname="api.test.DDtest" name="testPostUser" time="5.202"/>
  <testcase classname="api.test.DDtest" name="testPostUser" time="1.533"/>
  <testcase classname="api.test.DDtest" name="testPostUser" time="1.589"/>
  <testcase classname="api.test.DDtest" name="testDeleteByUser" time="1.502"/>
  <testcase classname="api.test.DDtest" name="testDeleteByUser" time="1.636"/>
  <testcase classname="api.test.DDtest" name="testDeleteByUser" time="1.659"/>
</testsuite> <!-- Default test -->
