<?xml version="1.0" encoding="UTF-8"?>
<!-- Generated by org.testng.reporters.JUnitXMLReporter -->
<testsuite ignored="0" hostname="LAPTOP-1ID1T4IC" failures="0" tests="10" name="Test" time="25.132" errors="0" timestamp="2024-11-29T12:43:50 IST">
  <testcase classname="api.test.UserTest" name="testPostUser" time="4.739"/>
  <testcase classname="api.test.UserTest" name="testGetUserByName" time="1.689"/>
  <testcase classname="api.test.UserTest" name="testUpdateUserByName" time="4.307"/>
  <testcase classname="api.test.UserTest" name="testDeleteByName" time="1.592"/>
  <testcase classname="api.test.DDtest" name="testPostUser" time="1.574"/>
  <testcase classname="api.test.DDtest" name="testPostUser" time="1.673"/>
  <testcase classname="api.test.DDtest" name="testPostUser" time="1.438"/>
  <testcase classname="api.test.DDtest" name="testDeleteByUser" time="1.478"/>
  <testcase classname="api.test.DDtest" name="testDeleteByUser" time="1.628"/>
  <testcase classname="api.test.DDtest" name="testDeleteByUser" time="1.569"/>
</testsuite> <!-- Test -->
