<?xml version="1.0" encoding="UTF-8"?>
<testng-results ignored="0" total="4" passed="4" failed="0" skipped="0">
  <reporter-output>
  </reporter-output>
  <suite started-at="2024-11-30T07:39:54 IST" name="Surefire suite" finished-at="2024-11-30T07:40:07 IST" duration-ms="12412">
    <groups>
    </groups>
    <test started-at="2024-11-30T07:39:54 IST" name="Surefire test" finished-at="2024-11-30T07:40:07 IST" duration-ms="12412">
      <class name="api.test.UserTest">
        <test-method is-config="true" signature="setupData()[pri:0, instance:api.test.UserTest@3cc2931c]" started-at="2024-11-30T07:39:54 IST" name="setupData" finished-at="2024-11-30T07:39:55 IST" duration-ms="385" status="PASS">
          <reporter-output>
          </reporter-output>
        </test-method> <!-- setupData -->
        <test-method signature="testPostUser()[pri:1, instance:api.test.UserTest@3cc2931c]" started-at="2024-11-30T07:39:55 IST" name="testPostUser" finished-at="2024-11-30T07:40:00 IST" duration-ms="5366" status="PASS">
          <reporter-output>
          </reporter-output>
        </test-method> <!-- testPostUser -->
        <test-method signature="testGetUserByName()[pri:2, instance:api.test.UserTest@3cc2931c]" started-at="2024-11-30T07:40:00 IST" name="testGetUserByName" finished-at="2024-11-30T07:40:02 IST" duration-ms="1800" status="PASS">
          <reporter-output>
          </reporter-output>
        </test-method> <!-- testGetUserByName -->
        <test-method signature="testUpdateUserByName()[pri:3, instance:api.test.UserTest@3cc2931c]" started-at="2024-11-30T07:40:02 IST" name="testUpdateUserByName" finished-at="2024-11-30T07:40:05 IST" duration-ms="3173" status="PASS">
          <reporter-output>
          </reporter-output>
        </test-method> <!-- testUpdateUserByName -->
        <test-method signature="testDeleteByName()[pri:4, instance:api.test.UserTest@3cc2931c]" started-at="2024-11-30T07:40:05 IST" name="testDeleteByName" finished-at="2024-11-30T07:40:07 IST" duration-ms="1590" status="PASS">
          <reporter-output>
          </reporter-output>
        </test-method> <!-- testDeleteByName -->
      </class> <!-- api.test.UserTest -->
    </test> <!-- Surefire test -->
  </suite> <!-- Surefire suite -->
</testng-results>
