<?xml version="1.0" encoding="UTF-8"?>
<testng-results ignored="0" total="10" passed="10" failed="0" skipped="0">
  <reporter-output>
  </reporter-output>
  <suite started-at="2024-11-29T12:43:22 IST" name="Suite" finished-at="2024-11-29T12:43:48 IST" duration-ms="25132">
    <groups>
    </groups>
    <test started-at="2024-11-29T12:43:22 IST" name="Test" finished-at="2024-11-29T12:43:48 IST" duration-ms="25132">
      <class name="api.test.UserTest">
        <test-method is-config="true" signature="setupData()[pri:0, instance:api.test.UserTest@17fc391b]" started-at="2024-11-29T12:43:23 IST" name="setupData" finished-at="2024-11-29T12:43:24 IST" duration-ms="529" status="PASS">
          <reporter-output>
          </reporter-output>
        </test-method> <!-- setupData -->
        <test-method signature="testPostUser()[pri:1, instance:api.test.UserTest@17fc391b]" started-at="2024-11-29T12:43:24 IST" name="testPostUser" finished-at="2024-11-29T12:43:29 IST" duration-ms="4739" status="PASS">
          <reporter-output>
          </reporter-output>
        </test-method> <!-- testPostUser -->
        <test-method signature="testGetUserByName()[pri:2, instance:api.test.UserTest@17fc391b]" started-at="2024-11-29T12:43:29 IST" name="testGetUserByName" finished-at="2024-11-29T12:43:30 IST" duration-ms="1689" status="PASS">
          <reporter-output>
          </reporter-output>
        </test-method> <!-- testGetUserByName -->
        <test-method signature="testUpdateUserByName()[pri:3, instance:api.test.UserTest@17fc391b]" started-at="2024-11-29T12:43:30 IST" name="testUpdateUserByName" finished-at="2024-11-29T12:43:35 IST" duration-ms="4307" status="PASS">
          <reporter-output>
          </reporter-output>
        </test-method> <!-- testUpdateUserByName -->
        <test-method signature="testDeleteByName()[pri:4, instance:api.test.UserTest@17fc391b]" started-at="2024-11-29T12:43:35 IST" name="testDeleteByName" finished-at="2024-11-29T12:43:36 IST" duration-ms="1592" status="PASS">
          <reporter-output>
          </reporter-output>
        </test-method> <!-- testDeleteByName -->
      </class> <!-- api.test.UserTest -->
      <class name="api.test.DDtest">
        <test-method signature="testPostUser(java.lang.String,java.lang.String,java.lang.String,java.lang.String,java.lang.String,java.lang.String,java.lang.String)[pri:1, instance:api.test.DDtest@792b749c]" started-at="2024-11-29T12:43:38 IST" name="testPostUser" data-provider="Data" finished-at="2024-11-29T12:43:40 IST" duration-ms="1574" status="PASS">
          <params>
            <param index="0">
              <value>
                <![CDATA[1010]]>
              </value>
            </param>
            <param index="1">
              <value>
                <![CDATA[testuser1]]>
              </value>
            </param>
            <param index="2">
              <value>
                <![CDATA[Jhon]]>
              </value>
            </param>
            <param index="3">
              <value>
                <![CDATA[Canedy]]>
              </value>
            </param>
            <param index="4">
              <value>
                <![CDATA[a@gmail.com]]>
              </value>
            </param>
            <param index="5">
              <value>
                <![CDATA[test@1]]>
              </value>
            </param>
            <param index="6">
              <value>
                <![CDATA[1234567897]]>
              </value>
            </param>
          </params>
          <reporter-output>
          </reporter-output>
        </test-method> <!-- testPostUser -->
        <test-method signature="testPostUser(java.lang.String,java.lang.String,java.lang.String,java.lang.String,java.lang.String,java.lang.String,java.lang.String)[pri:1, instance:api.test.DDtest@792b749c]" started-at="2024-11-29T12:43:40 IST" name="testPostUser" data-provider="Data" finished-at="2024-11-29T12:43:41 IST" duration-ms="1673" status="PASS">
          <params>
            <param index="0">
              <value>
                <![CDATA[1020]]>
              </value>
            </param>
            <param index="1">
              <value>
                <![CDATA[testuser2]]>
              </value>
            </param>
            <param index="2">
              <value>
                <![CDATA[kim]]>
              </value>
            </param>
            <param index="3">
              <value>
                <![CDATA[Kom]]>
              </value>
            </param>
            <param index="4">
              <value>
                <![CDATA[b@gmail.com]]>
              </value>
            </param>
            <param index="5">
              <value>
                <![CDATA[test@2]]>
              </value>
            </param>
            <param index="6">
              <value>
                <![CDATA[1234567897]]>
              </value>
            </param>
          </params>
          <reporter-output>
          </reporter-output>
        </test-method> <!-- testPostUser -->
        <test-method signature="testPostUser(java.lang.String,java.lang.String,java.lang.String,java.lang.String,java.lang.String,java.lang.String,java.lang.String)[pri:1, instance:api.test.DDtest@792b749c]" started-at="2024-11-29T12:43:41 IST" name="testPostUser" data-provider="Data" finished-at="2024-11-29T12:43:43 IST" duration-ms="1438" status="PASS">
          <params>
            <param index="0">
              <value>
                <![CDATA[1030]]>
              </value>
            </param>
            <param index="1">
              <value>
                <![CDATA[testuser3]]>
              </value>
            </param>
            <param index="2">
              <value>
                <![CDATA[Smith]]>
              </value>
            </param>
            <param index="3">
              <value>
                <![CDATA[Steve]]>
              </value>
            </param>
            <param index="4">
              <value>
                <![CDATA[c@gmail.com]]>
              </value>
            </param>
            <param index="5">
              <value>
                <![CDATA[test@3]]>
              </value>
            </param>
            <param index="6">
              <value>
                <![CDATA[1234567897]]>
              </value>
            </param>
          </params>
          <reporter-output>
          </reporter-output>
        </test-method> <!-- testPostUser -->
        <test-method signature="testDeleteByUser(java.lang.String)[pri:2, instance:api.test.DDtest@792b749c]" started-at="2024-11-29T12:43:43 IST" name="testDeleteByUser" data-provider="UserNames" finished-at="2024-11-29T12:43:44 IST" duration-ms="1478" status="PASS">
          <params>
            <param index="0">
              <value>
                <![CDATA[testuser1]]>
              </value>
            </param>
          </params>
          <reporter-output>
          </reporter-output>
        </test-method> <!-- testDeleteByUser -->
        <test-method signature="testDeleteByUser(java.lang.String)[pri:2, instance:api.test.DDtest@792b749c]" started-at="2024-11-29T12:43:44 IST" name="testDeleteByUser" data-provider="UserNames" finished-at="2024-11-29T12:43:46 IST" duration-ms="1628" status="PASS">
          <params>
            <param index="0">
              <value>
                <![CDATA[testuser2]]>
              </value>
            </param>
          </params>
          <reporter-output>
          </reporter-output>
        </test-method> <!-- testDeleteByUser -->
        <test-method signature="testDeleteByUser(java.lang.String)[pri:2, instance:api.test.DDtest@792b749c]" started-at="2024-11-29T12:43:46 IST" name="testDeleteByUser" data-provider="UserNames" finished-at="2024-11-29T12:43:48 IST" duration-ms="1569" status="PASS">
          <params>
            <param index="0">
              <value>
                <![CDATA[testuser3]]>
              </value>
            </param>
          </params>
          <reporter-output>
          </reporter-output>
        </test-method> <!-- testDeleteByUser -->
      </class> <!-- api.test.DDtest -->
    </test> <!-- Test -->
  </suite> <!-- Suite -->
</testng-results>
